<?xml version="1.0" encoding="UTF-8"?>
<!-- Generated by org.testng.reporters.JUnitReportReporter -->
<testsuite hostname="babacar-HP-15-Notebook-PC" failures="0" tests="2" name="laposte.com.test.TestPagePoste" time="26.128" errors="0" timestamp="2021-06-05T18:15:35 CEST" skipped="0">
  <testcase classname="laposte.com.test.TestPagePoste" name="testLogin" time="14.928"/>
  <system-out/>
  <testcase classname="laposte.com.test.TestPagePoste" name="testFindStore" time="11.200"/>
  <system-out/>
</testsuite> <!-- laposte.com.test.TestPagePoste -->
